# JRE version: OpenJDK Runtime Environment Temurin-21.0.2+13 (21.0.2+13) (build 21.0.2+13-LTS)
# Java VM: OpenJDK 64-Bit Server VM Temurin-21.0.2+13 (21.0.2+13-LTS, mixed mode, sharing, tiered, compressed oops, compressed class ptrs, g1 gc, windows-amd64)
GC Precious Log:
 CardTable entry size: 512
 Card Set container configuration: InlinePtr #cards 5 size 8 Array Of Cards #cards 12 size 40 Howl #buckets 4 coarsen threshold 1843 Howl Bitmap #cards 512 size 80 coarsen threshold 460 Card regions per heap region 1 cards per card region 2048
 CPUs: 16 total, 16 available
 Memory: 7597M
 Large Page Support: Disabled
 NUMA Support: Disabled
 Compressed Oops: Enabled (32-bit)
 Heap Region Size: 1M
 Heap Min Capacity: 256M
 Heap Initial Capacity: 256M
 Heap Max Capacity: 512M
 Pre-touch: Disabled
 Parallel Workers: 13
 Concurrent Workers: 3
 Concurrent Refinement Workers: 13
 Periodic GC: Disabled
Heap:
 garbage-first heap   total 262144K, used 194446K [0x00000000e0000000, 0x0000000100000000)
  region size 1024K, 148 young (151552K), 19 survivors (19456K)
 Metaspace       used 70824K, committed 73152K, reserved 393216K
  class space    used 9892K, committed 11072K, reserved 327680K
GC Heap History (20 events):
Event: 2.063 GC heap before
{Heap before GC invocations=0 (full 0):
 garbage-first heap   total 262144K, used 22528K [0x00000000e0000000, 0x0000000100000000)
  region size 1024K, 23 young (23552K), 0 survivors (0K)
 Metaspace       used 1064K, committed 1216K, reserved 393216K
  class space    used 77K, committed 128K, reserved 327680K
}
Event: 2.075 GC heap after
{Heap after GC invocations=1 (full 0):
 garbage-first heap   total 262144K, used 1941K [0x00000000e0000000, 0x0000000100000000)
  region size 1024K, 2 young (2048K), 2 survivors (2048K)
 Metaspace       used 1064K, committed 1216K, reserved 393216K
  class space    used 77K, committed 128K, reserved 327680K
}
Event: 4.181 GC heap before
{Heap before GC invocations=1 (full 0):
 garbage-first heap   total 262144K, used 39829K [0x00000000e0000000, 0x0000000100000000)
  region size 1024K, 37 young (37888K), 2 survivors (2048K)
 Metaspace       used 4490K, committed 4672K, reserved 393216K
  class space    used 550K, committed 640K, reserved 327680K
}
Event: 4.192 GC heap after
{Heap after GC invocations=2 (full 0):
 garbage-first heap   total 262144K, used 10855K [0x00000000e0000000, 0x0000000100000000)
  region size 1024K, 5 young (5120K), 5 survivors (5120K)
 Metaspace       used 4490K, committed 4672K, reserved 393216K
  class space    used 550K, committed 640K, reserved 327680K
}
Event: 6.415 GC heap before
{Heap before GC invocations=2 (full 0):
 garbage-first heap   total 262144K, used 60007K [0x00000000e0000000, 0x0000000100000000)
  region size 1024K, 51 young (52224K), 5 survivors (5120K)
 Metaspace       used 5215K, committed 5376K, reserved 393216K
  class space    used 675K, committed 768K, reserved 327680K
}
Event: 6.428 GC heap after
{Heap after GC invocations=3 (full 0):
 garbage-first heap   total 262144K, used 16389K [0x00000000e0000000, 0x0000000100000000)
  region size 1024K, 5 young (5120K), 5 survivors (5120K)
 Metaspace       used 5215K, committed 5376K, reserved 393216K
  class space    used 675K, committed 768K, reserved 327680K
}
Event: 14.077 GC heap before
{Heap before GC invocations=3 (full 0):
 garbage-first heap   total 262144K, used 105477K [0x00000000e0000000, 0x0000000100000000)
  region size 1024K, 93 young (95232K), 5 survivors (5120K)
 Metaspace       used 20848K, committed 21504K, reserved 393216K
  class space    used 3000K, committed 3264K, reserved 327680K
}
Event: 14.094 GC heap after
{Heap after GC invocations=4 (full 0):
 garbage-first heap   total 262144K, used 23775K [0x00000000e0000000, 0x0000000100000000)
  region size 1024K, 12 young (12288K), 12 survivors (12288K)
 Metaspace       used 20848K, committed 21504K, reserved 393216K
  class space    used 3000K, committed 3264K, reserved 327680K
}
Event: 17.681 GC heap before
{Heap before GC invocations=5 (full 0):
 garbage-first heap   total 262144K, used 132319K [0x00000000e0000000, 0x0000000100000000)
  region size 1024K, 115 young (117760K), 12 survivors (12288K)
 Metaspace       used 34882K, committed 35968K, reserved 393216K
  class space    used 4827K, committed 5376K, reserved 327680K
}
Event: 17.702 GC heap after
{Heap after GC invocations=6 (full 0):
 garbage-first heap   total 262144K, used 32063K [0x00000000e0000000, 0x0000000100000000)
  region size 1024K, 16 young (16384K), 16 survivors (16384K)
 Metaspace       used 34882K, committed 35968K, reserved 393216K
  class space    used 4827K, committed 5376K, reserved 327680K
}
Event: 27.418 GC heap before
{Heap before GC invocations=7 (full 0):
 garbage-first heap   total 262144K, used 173375K [0x00000000e0000000, 0x0000000100000000)
  region size 1024K, 153 young (156672K), 16 survivors (16384K)
 Metaspace       used 48558K, committed 50240K, reserved 393216K
  class space    used 6931K, committed 7744K, reserved 327680K
}
Event: 27.452 GC heap after
{Heap after GC invocations=8 (full 0):
 garbage-first heap   total 262144K, used 40412K [0x00000000e0000000, 0x0000000100000000)
  region size 1024K, 17 young (17408K), 17 survivors (17408K)
 Metaspace       used 48558K, committed 50240K, reserved 393216K
  class space    used 6931K, committed 7744K, reserved 327680K
}
Event: 38.651 GC heap before
{Heap before GC invocations=8 (full 0):
 garbage-first heap   total 262144K, used 144860K [0x00000000e0000000, 0x0000000100000000)
  region size 1024K, 121 young (123904K), 17 survivors (17408K)
 Metaspace       used 58168K, committed 60096K, reserved 393216K
  class space    used 8374K, committed 9344K, reserved 327680K
}
Event: 38.674 GC heap after
{Heap after GC invocations=9 (full 0):
 garbage-first heap   total 262144K, used 47003K [0x00000000e0000000, 0x0000000100000000)
  region size 1024K, 16 young (16384K), 16 survivors (16384K)
 Metaspace       used 58168K, committed 60096K, reserved 393216K
  class space    used 8374K, committed 9344K, reserved 327680K
}
Event: 38.772 GC heap before
{Heap before GC invocations=9 (full 0):
 garbage-first heap   total 262144K, used 49051K [0x00000000e0000000, 0x0000000100000000)
  region size 1024K, 19 young (19456K), 16 survivors (16384K)
 Metaspace       used 58463K, committed 60416K, reserved 393216K
  class space    used 8413K, committed 9408K, reserved 327680K
}
Event: 38.854 GC heap after
{Heap after GC invocations=10 (full 0):
 garbage-first heap   total 262144K, used 47143K [0x00000000e0000000, 0x0000000100000000)
  region size 1024K, 8 young (8192K), 8 survivors (8192K)
 Metaspace       used 58463K, committed 60416K, reserved 393216K
  class space    used 8413K, committed 9408K, reserved 327680K
}
Event: 47.788 GC heap before
{Heap before GC invocations=11 (full 0):
 garbage-first heap   total 262144K, used 195623K [0x00000000e0000000, 0x0000000100000000)
  region size 1024K, 153 young (156672K), 8 survivors (8192K)
 Metaspace       used 66339K, committed 68480K, reserved 393216K
  class space    used 9359K, committed 10432K, reserved 327680K
}
Event: 47.806 GC heap after
{Heap after GC invocations=12 (full 0):
 garbage-first heap   total 262144K, used 57041K [0x00000000e0000000, 0x0000000100000000)
  region size 1024K, 18 young (18432K), 18 survivors (18432K)
 Metaspace       used 66339K, committed 68480K, reserved 393216K
  class space    used 9359K, committed 10432K, reserved 327680K
}
Event: 388.355 GC heap before
{Heap before GC invocations=12 (full 0):
 garbage-first heap   total 262144K, used 194257K [0x00000000e0000000, 0x0000000100000000)
  region size 1024K, 153 young (156672K), 18 survivors (18432K)
 Metaspace       used 70067K, committed 72320K, reserved 393216K
  class space    used 9878K, committed 11008K, reserved 327680K
}
Event: 388.596 GC heap after
{Heap after GC invocations=13 (full 0):
 garbage-first heap   total 262144K, used 64398K [0x00000000e0000000, 0x0000000100000000)
  region size 1024K, 19 young (19456K), 19 survivors (19456K)
 Metaspace       used 70067K, committed 72320K, reserved 393216K
  class space    used 9878K, committed 11008K, reserved 327680K
}

